<?xml version="1.0" encoding="UTF-8"?>
<!-- Generated by org.testng.reporters.JUnitXMLReporter -->
<testsuite hostname="PC" ignored="0" name="Test" tests="2" failures="1" timestamp="2020-07-14T12:49:16 IST" time="53.272" errors="0">
  <testcase name="LaunchFlipkart" time="22.361" classname="Test.ExtendReprt">
    <failure type="java.lang.AssertionError" message="expected [true] but found [false]">
      <![CDATA[java.lang.AssertionError: expected [true] but found [false]
at Test.ExtendReprt.LaunchFlipkart(ExtendReprt.java:43)
at java.util.ArrayList.forEach(ArrayList.java:1249)
at java.util.concurrent.FutureTask.run(FutureTask.java:266)
at java.util.concurrent.ThreadPoolExecutor.runWorker(ThreadPoolExecutor.java:1142)
at java.util.concurrent.ThreadPoolExecutor$Worker.run(ThreadPoolExecutor.java:617)
at java.lang.Thread.run(Thread.java:748)
... Removed 22 stack frames]]>
    </failure>
  </testcase> <!-- LaunchFlipkart -->
  <testcase name="LaunchFlipkart2" time="25.506" classname="Test.ExtendReprt"/>
</testsuite> <!-- Test -->
