<?xml version="1.0" encoding="UTF-8"?>
<testsuite xmlns:xsi="http://www.w3.org/2001/XMLSchema-instance" xsi:noNamespaceSchemaLocation="https://maven.apache.org/surefire/maven-surefire-plugin/xsd/surefire-test-report-3.0.xsd" version="3.0" name="TestSuite" time="27.992" tests="2" errors="0" skipped="0" failures="1">
  <properties>
[...]
</properties>
  <testcase name="LaunchFlipkart" classname="Test.ExtendReprt" time="11.794">
    <failure message="expected [true] but found [false]" type="java.lang.AssertionError"><![CDATA[java.lang.AssertionError: expected [true] but found [false]
	at Test.ExtendReprt.LaunchFlipkart(ExtendReprt.java:43)
]]></failure>
    <system-out><![CDATA[Online Shopping Site for Mobiles, Electronics, Furniture, Grocery, Lifestyle, Books & More. Best Offers!
]]></system-out>
    <system-err><![CDATA[Starting ChromeDriver 80.0.3987.106 (f68069574609230cf9b635cd784cfb1bf81bb53a-refs/branch-heads/3987@{#882}) on port 45254
Only local connections are allowed.
Please protect ports used by ChromeDriver and related test frameworks to prevent access by malicious code.
Jul 14, 2020 1:02:56 PM org.openqa.selenium.remote.ProtocolHandshake createSession
INFO: Detected dialect: W3C
[1594711977.962][SEVERE]: Timed out receiving message from renderer: 0.100
[1594711978.066][SEVERE]: Timed out receiving message from renderer: 0.100
[1594711978.169][SEVERE]: Timed out receiving message from renderer: 0.100
[1594711978.272][SEVERE]: Timed out receiving message from renderer: 0.100
[1594711978.374][SEVERE]: Timed out receiving message from renderer: 0.100
[1594711978.477][SEVERE]: Timed out receiving message from renderer: 0.100
[1594711978.579][SEVERE]: Timed out receiving message from renderer: 0.100
[1594711978.764][SEVERE]: Timed out receiving message from renderer: 0.100
[1594711979.592][SEVERE]: Timed out receiving message from renderer: 0.100
[1594711979.961][SEVERE]: Timed out receiving message from renderer: 0.100
[1594711981.244][SEVERE]: Timed out receiving message from renderer: 0.100
[1594711981.966][SEVERE]: Timed out receiving message from renderer: 0.100
[1594711982.400][SEVERE]: Timed out receiving message from renderer: 0.100
[1594711982.777][SEVERE]: Timed out receiving message from renderer: 0.100
[1594711982.898][SEVERE]: Timed out receiving message from renderer: 0.100
[1594711983.001][SEVERE]: Timed out receiving message from renderer: 0.100
]]></system-err>
  </testcase>
  <testcase name="LaunchFlipkart2" classname="Test.ExtendReprt" time="12.771">
    <system-out><![CDATA[Online Shopping Site for Mobiles, Electronics, Furniture, Grocery, Lifestyle, Books & More. Best Offers!
]]></system-out>
    <system-err><![CDATA[Starting ChromeDriver 80.0.3987.106 (f68069574609230cf9b635cd784cfb1bf81bb53a-refs/branch-heads/3987@{#882}) on port 35093
Only local connections are allowed.
Please protect ports used by ChromeDriver and related test frameworks to prevent access by malicious code.
Jul 14, 2020 1:03:06 PM org.openqa.selenium.remote.ProtocolHandshake createSession
INFO: Detected dialect: W3C
[1594711988.117][SEVERE]: Timed out receiving message from renderer: 0.100
[1594711988.219][SEVERE]: Timed out receiving message from renderer: 0.100
[1594711988.321][SEVERE]: Timed out receiving message from renderer: 0.100
[1594711988.424][SEVERE]: Timed out receiving message from renderer: 0.100
[1594711988.529][SEVERE]: Timed out receiving message from renderer: 0.100
[1594711988.631][SEVERE]: Timed out receiving message from renderer: 0.100
[1594711988.733][SEVERE]: Timed out receiving message from renderer: 0.100
[1594711988.837][SEVERE]: Timed out receiving message from renderer: 0.100
[1594711988.940][SEVERE]: Timed out receiving message from renderer: 0.100
[1594711989.044][SEVERE]: Timed out receiving message from renderer: 0.100
[1594711989.146][SEVERE]: Timed out receiving message from renderer: 0.100
[1594711989.249][SEVERE]: Timed out receiving message from renderer: 0.100
[1594711989.352][SEVERE]: Timed out receiving message from renderer: 0.100
[1594711989.547][SEVERE]: Timed out receiving message from renderer: 0.100
[1594711990.679][SEVERE]: Timed out receiving message from renderer: 0.100
[1594711990.830][SEVERE]: Timed out receiving message from renderer: 0.100
[1594711990.934][SEVERE]: Timed out receiving message from renderer: 0.100
[1594711991.036][SEVERE]: Timed out receiving message from renderer: 0.100
[1594711991.567][SEVERE]: Timed out receiving message from renderer: 0.100
[1594711993.156][SEVERE]: Timed out receiving message from renderer: 0.100
[1594711993.301][SEVERE]: Timed out receiving message from renderer: 0.100
[1594711993.885][SEVERE]: Timed out receiving message from renderer: 0.100
[1594711994.639][SEVERE]: Timed out receiving message from renderer: 0.100
[1594711995.110][SEVERE]: Timed out receiving message from renderer: 0.100
[1594711995.212][SEVERE]: Timed out receiving message from renderer: 0.100
[1594711995.315][SEVERE]: Timed out receiving message from renderer: 0.100
[1594711995.418][SEVERE]: Timed out receiving message from renderer: 0.100
[1594711995.539][SEVERE]: Timed out receiving message from renderer: 0.100
[1594711995.710][SEVERE]: Timed out receiving message from renderer: 0.100
[1594711995.812][SEVERE]: Timed out receiving message from renderer: 0.100
[1594711995.914][SEVERE]: Timed out receiving message from renderer: 0.100
]]></system-err>
  </testcase>
</testsuite>