<?xml version="1.0" encoding="UTF-8"?>
<testng-results ignored="0" total="2" passed="2" failed="0" skipped="0">
  <reporter-output>
  </reporter-output>
  <suite started-at="2023-11-27T19:32:22 IST" name="Suite" finished-at="2023-11-27T19:32:52 IST" duration-ms="30020">
    <groups>
    </groups>
    <test started-at="2023-11-27T19:32:22 IST" name="Test" finished-at="2023-11-27T19:32:52 IST" duration-ms="30020">
      <class name="Test.ExtendReprtTest">
        <test-method is-config="true" signature="Extendreport()[pri:0, instance:Test.ExtendReprtTest@1356d4d4]" started-at="2023-11-27T19:32:22 IST" name="Extendreport" finished-at="2023-11-27T19:32:22 IST" duration-ms="362" status="PASS">
          <reporter-output>
          </reporter-output>
        </test-method> <!-- Extendreport -->
        <test-method signature="LaunchFlipkart()[pri:0, instance:Test.ExtendReprtTest@1356d4d4]" started-at="2023-11-27T19:32:22 IST" name="LaunchFlipkart" finished-at="2023-11-27T19:32:35 IST" duration-ms="12842" status="PASS">
          <reporter-output>
          </reporter-output>
        </test-method> <!-- LaunchFlipkart -->
        <test-method is-config="true" signature="closebrowser()[pri:0, instance:Test.ExtendReprtTest@1356d4d4]" started-at="2023-11-27T19:32:35 IST" name="closebrowser" finished-at="2023-11-27T19:32:35 IST" duration-ms="213" status="PASS">
          <reporter-output>
          </reporter-output>
        </test-method> <!-- closebrowser -->
        <test-method signature="LaunchFlipkart2()[pri:0, instance:Test.ExtendReprtTest@1356d4d4]" started-at="2023-11-27T19:32:35 IST" name="LaunchFlipkart2" finished-at="2023-11-27T19:32:51 IST" duration-ms="16313" status="PASS">
          <reporter-output>
          </reporter-output>
        </test-method> <!-- LaunchFlipkart2 -->
        <test-method is-config="true" signature="closebrowser()[pri:0, instance:Test.ExtendReprtTest@1356d4d4]" started-at="2023-11-27T19:32:51 IST" name="closebrowser" finished-at="2023-11-27T19:32:52 IST" duration-ms="229" status="PASS">
          <reporter-output>
          </reporter-output>
        </test-method> <!-- closebrowser -->
      </class> <!-- Test.ExtendReprtTest -->
    </test> <!-- Test -->
  </suite> <!-- Suite -->
</testng-results>
