-------------------------------------------------------------------------------
Test set: TestSuite
-------------------------------------------------------------------------------
Tests run: 2, Failures: 1, Errors: 0, Skipped: 0, Time elapsed: 27.992 s <<< FAILURE! - in TestSuite
Test.ExtendReprt.LaunchFlipkart  Time elapsed: 11.794 s  <<< FAILURE!
java.lang.AssertionError: expected [true] but found [false]
	at Test.ExtendReprt.LaunchFlipkart(ExtendReprt.java:43)

